<?xml version="1.0" encoding="UTF-8" ?>
<testsuites errors="1"
            failures="1"
            tests="2">

  <testsuite name="addTask"
    errors="1" failures="1" hostname="" id="" package="addTask" skipped="1"
    tests="2" time="13.55" timestamp="">
  
    <testcase name="Before" classname="addTask" time="7.364" assertions="8">

    

    

    

    

    

    

    

    
    </testcase>
  
    <testcase name="Add a Task" classname="addTask" time="6.184" assertions="3">

    

      <failure message="Timed out while waiting for element &lt;div.public-DraftStyleDefault-block.public-DraftStyleDefault-ltr&gt; to be present for 5000 milliseconds. - expected &#34;visible&#34; but got: &#34;not found&#34; (5095ms)">    at Page.waitElement (/Users/elizabeth.perez/Documents/todoist-project/page-object/mainPage.js:22:18)
    at Object.Add a Task (/Users/elizabeth.perez/Documents/todoist-project/tests/addTask.js:39:14)</failure>

    
    <error message="Timed out while waiting for element &lt;div.public-DraftStyleDefault-block.public-DraftStyleDefault-ltr&gt; to be present for 5000 milliseconds. - expected [0;32m&#34;visible&#34;[0m but got: [0;31m&#34;not found&#34;[0m [0;90m(5095ms)[0m" type="error"><![CDATA[
        at Page.waitElement (/Users/elizabeth.perez/Documents/todoist-project/page-object/mainPage.js:22:18)
    at Object.Add a Task (/Users/elizabeth.perez/Documents/todoist-project/tests/addTask.js:39:14)
    ]]></error>
    
    </testcase>
  

  
    <system-err>
        TimeoutError: An error occurred while running .click() command on &lt;Element [name=@addtaskIcon]&gt;:   (Session info: chrome=90.0.4430.212),  (Driver info: chromedriver=90.0.4430.24 (4c6d850f087da467d926e8eddb76550aed655991-refs/branch-heads/4430@{#429}),platform=Mac OS X 10.15.7 x86_64); element click intercepted: Element &lt;span class=&#34;icon_add&#34; aria-hidden=&#34;true&#34;&gt;...&lt;/span&gt; is not clickable at point (369, 134). Other element would receive the click: &lt;div class=&#34;GB_overlay&#34; style=&#34;z-index: 9995; opacity: 0.8; width: 100%; height: 890px;&#34;&gt;&lt;/div&gt;
   {&#34;status&#34;:-1,&#34;state&#34;:&#34;&#34;,&#34;code&#34;:&#34;&#34;,&#34;value&#34;:{&#34;message&#34;:&#34;element click intercepted: Element &lt;span class=\&#34;icon_add\&#34; aria-hidden=\&#34;true\&#34;&gt;...&lt;/span&gt; is not clickable at point (369, 134). Other element would receive the click: &lt;div class=\&#34;GB_overlay\&#34; style=\&#34;z-index: 9995; opacity: 0.8; width: 100%; height: 890px;\&#34;&gt;&lt;/div&gt;&#34;,&#34;error&#34;:[&#34;  (Session info: chrome=90.0.4430.212)&#34;,&#34;  (Driver info: chromedriver=90.0.4430.24 (4c6d850f087da467d926e8eddb76550aed655991-refs/branch-heads/4430@{#429}),platform=Mac OS X 10.15.7 x86_64)&#34;]},&#34;errorStatus&#34;:64,&#34;error&#34;:&#34;An unknown error has occurred â€“ element click intercepted: Element &lt;span class=\&#34;icon_add\&#34; aria-hidden=\&#34;true\&#34;&gt;...&lt;/span&gt; ...&#34;,&#34;httpStatusCode&#34;:200}
       at processTicksAndRejections (internal/process/task_queues.js:93:5)
    </system-err>
  

    

  
    
    <testcase
      name="Add multiple Task" classname="addTask">
      <skipped />
    </testcase>
    
  
  </testsuite>
</testsuites>
